<?xml version="1.0" encoding="UTF-8"?>
<testsuites name="TS_RegressionTest" time="28" tests="1" failures="0" errors="1">
   <testsuite name="TS_RegressionTest" tests="1" failures="0" errors="1" time="28" timestamp="2017-11-09 13:32:18" hostname="nhidinh - 90NJZ52.kms.com.vn" id="Test Suites/TS_RegressionTest">
      <properties>
         <property name="deviceName" value=""/>
         <property name="devicePlatform" value=""/>
         <property name="logFolder" value="C:\\Users\\nhidinh\\git\\PS-Katalon\\Reports\\TS_RegressionTest\\20171109_133215"/>
         <property name="logFiles" value="C:\\Users\\nhidinh\\git\\PS-Katalon\\Reports\\TS_RegressionTest\\20171109_133215\\execution0.log"/>
         <property name="attachments" value=""/>
         <property name="hostName" value="nhidinh - 90NJZ52.kms.com.vn"/>
         <property name="os" value="Windows 10 64bit"/>
         <property name="katalonVersion" value="5.0.0.1"/>
         <property name="browser" value="Chrome 62.0.3202.62"/>
         <property name="hostAddress" value="192.168.37.45"/>
         <property name="sessionId" value="939f5b038250308025768357e101e358"/>
         <property name="seleniumVersion" value="2.53.0"/>
         <property name="proxyInformation" value="ProxyInformation{proxyOption=NO_PROXY, proxyServerType=HTTP, password=, proxyServerAddress=, proxyServerPort=0}"/>
         <property name="platform" value="Windows 10"/>
      </properties>
      <testcase name="Test Cases/Main Test Cases/TC1_Verify Successful Login" classname="Test Cases/Main Test Cases/TC1_Verify Successful Login" status="PASSED">
         <system-out><![CDATA[2017-11-09 13:32:18 - [TEST_CASE][PASSED] - Test Cases/Main Test Cases/TC1_Verify Successful Login: Test Cases/Main Test Cases/TC1_Verify Successful Login

2017-11-09 13:32:19 - [TEST_STEP][PASSED] - comment: Story: Login to CURA system

2017-11-09 13:32:19 - [TEST_STEP][PASSED] - comment: Given that the user has the valid login information

2017-11-09 13:32:19 - [TEST_STEP][PASSED] - openBrowser: Browser is opened with url: 'http://demoaut.katalon.com'

2017-11-09 13:32:28 - [MESSAGE][PASSED] - Browser is opened with url: 'http://demoaut.katalon.com'

2017-11-09 13:32:28 - [TEST_STEP][PASSED] - click: Object: 'Object Repository/Page_CuraHomepage/btn_MakeAppointment' is clicked on

2017-11-09 13:32:29 - [MESSAGE][PASSED] - Object: 'Object Repository/Page_CuraHomepage/btn_MakeAppointment' is clicked on

2017-11-09 13:32:29 - [TEST_STEP][PASSED] - setText: Text 'John Doe' is set on object 'Object Repository/Page_Login/txt_UserName'

2017-11-09 13:32:29 - [MESSAGE][PASSED] - Text 'John Doe' is set on object 'Object Repository/Page_Login/txt_UserName'

2017-11-09 13:32:29 - [TEST_STEP][PASSED] - setText: Text 'ThisIsNotAPassword' is set on object 'Object Repository/Page_Login/txt_Password'

2017-11-09 13:32:29 - [MESSAGE][PASSED] - Text 'ThisIsNotAPassword' is set on object 'Object Repository/Page_Login/txt_Password'

2017-11-09 13:32:29 - [TEST_STEP][PASSED] - comment: When he logins to CURA system

2017-11-09 13:32:29 - [TEST_STEP][PASSED] - click: Object: 'Object Repository/Page_Login/btn_Login' is clicked on

2017-11-09 13:32:31 - [MESSAGE][PASSED] - Object: 'Object Repository/Page_Login/btn_Login' is clicked on

2017-11-09 13:32:31 - [TEST_STEP][PASSED] - comment: Then he should be able to login successfully

2017-11-09 13:32:31 - [TEST_STEP][PASSED] - Statement - landingPage = com.kms.katalon.core.webui.keyword.WebUiBuiltInKeywords.verifyElementPresent(com.kms.katalon.core.testobject.ObjectRepository.findTestObject(Page_CuraAppointment/div_Appointment), G_Timeout): Object 'Object Repository/Page_CuraAppointment/div_Appointment' is present

2017-11-09 13:32:31 - [MESSAGE][PASSED] - Object 'Object Repository/Page_CuraAppointment/div_Appointment' is present

2017-11-09 13:32:31 - [TEST_STEP][PASSED] - closeBrowser: Browser is closed

2017-11-09 13:32:34 - [MESSAGE][PASSED] - Browser is closed]]></system-out>
         <system-err><![CDATA[]]></system-err>
      </testcase>
      <testcase name="Test Cases/Main Test Cases/TC2_Verify Successful Appointment" classname="Test Cases/Main Test Cases/TC2_Verify Successful Appointment" status="ERROR">
         <error type="ERROR" message="Test Cases/Main Test Cases/TC2_Verify Successful Appointment FAILED because (of) java.lang.IllegalArgumentException: Cannot find test case with id 'Test Cases/Common Test Cases/Login'"/>
         <system-out><![CDATA[2017-11-09 13:32:34 - [TEST_CASE][ERROR] - Test Cases/Main Test Cases/TC2_Verify Successful Appointment: Test Cases/Main Test Cases/TC2_Verify Successful Appointment FAILED because (of) java.lang.IllegalArgumentException: Cannot find test case with id 'Test Cases/Common Test Cases/Login'

2017-11-09 13:32:34 - [TEST_STEP][PASSED] - comment: Story: Book an appointment

2017-11-09 13:32:34 - [TEST_STEP][PASSED] - comment: Given that the user has logged into their account

2017-11-09 13:32:34 - [TEST_STEP][PASSED] - openBrowser: Browser is opened with url: 'http://demoaut.katalon.com'

2017-11-09 13:32:43 - [MESSAGE][PASSED] - Browser is opened with url: 'http://demoaut.katalon.com'

2017-11-09 13:32:43 - [TEST_STEP][PASSED] - callTestCase: null]]></system-out>
         <system-err><![CDATA[2017-11-09 13:32:34 - [TEST_CASE][ERROR] - Test Cases/Main Test Cases/TC2_Verify Successful Appointment: Test Cases/Main Test Cases/TC2_Verify Successful Appointment FAILED because (of) java.lang.IllegalArgumentException: Cannot find test case with id 'Test Cases/Common Test Cases/Login']]></system-err>
      </testcase>
      <system-out><![CDATA[2017-11-09 13:32:18 - [TEST_SUITE][ERROR] - TS_RegressionTest: Test Cases/Main Test Cases/TC2_Verify Successful Appointment FAILED because (of) java.lang.IllegalArgumentException: Cannot find test case with id 'Test Cases/Common Test Cases/Login']]></system-out>
      <system-err><![CDATA[2017-11-09 13:32:18 - [TEST_SUITE][ERROR] - TS_RegressionTest: Test Cases/Main Test Cases/TC2_Verify Successful Appointment FAILED because (of) java.lang.IllegalArgumentException: Cannot find test case with id 'Test Cases/Common Test Cases/Login']]></system-err>
   </testsuite>
</testsuites>
